Interpreter: ~/miniconda3/envs/lsjenv/bin/python
File: main.py
Test acc = 0.7063335151349877 , split = 0, seed = 12, --num_warmup 10 --dropout 0.5 --lr 0.001 --weight_decay 0.0005, --tau 0.1 --decay_w 0.1 --alpha 0.001 --K 25 --n_neg 50 --th 0.95 --ptb_rate 0.4 --p_threshold 0.4
Test acc = 0.7072879738205617 , split = 1, seed = 12, --num_warmup 10 --dropout 0.5 --lr 0.001 --weight_decay 0.0005, --tau 0.1 --decay_w 0.1 --alpha 0.001 --K 25 --n_neg 50 --th 0.95 --ptb_rate 0.4 --p_threshold 0.4
Test acc = 0.7175824925006817 , split = 2, seed = 12, --num_warmup 10 --dropout 0.5 --lr 0.001 --weight_decay 0.0005, --tau 0.1 --decay_w 0.1 --alpha 0.001 --K 25 --n_neg 50 --th 0.95 --ptb_rate 0.4 --p_threshold 0.4
Test acc = 0.682131169893646 , split = 3, seed = 12, --num_warmup 10 --dropout 0.5 --lr 0.001 --weight_decay 0.0005, --tau 0.1 --decay_w 0.1 --alpha 0.001 --K 25 --n_neg 50 --th 0.95 --ptb_rate 0.4 --p_threshold 0.4
Test acc = 0.7432506135805835 , split = 4, seed = 12, --num_warmup 10 --dropout 0.5 --lr 0.001 --weight_decay 0.0005, --tau 0.1 --decay_w 0.1 --alpha 0.001 --K 25 --n_neg 50 --th 0.95 --ptb_rate 0.4 --p_threshold 0.4
mean = 0.7113171529860921, std = 0.019758000530541907 -decay_w 0.1 --alpha 0.001 --K 25 --th 0.95  --p_threshold 0.4  
Test acc = 0.7373193346059449 , split = 0, seed = 12, --num_warmup 10 --dropout 0.5 --lr 0.001 --weight_decay 0.0005, --tau 0.1 --decay_w 0.1 --alpha 0.001 --K 25 --n_neg 50 --th 0.95 --ptb_rate 0.4 --p_threshold 0.5
Test acc = 0.7072879738205617 , split = 1, seed = 12, --num_warmup 10 --dropout 0.5 --lr 0.001 --weight_decay 0.0005, --tau 0.1 --decay_w 0.1 --alpha 0.001 --K 25 --n_neg 50 --th 0.95 --ptb_rate 0.4 --p_threshold 0.5
Test acc = 0.7175824925006817 , split = 2, seed = 12, --num_warmup 10 --dropout 0.5 --lr 0.001 --weight_decay 0.0005, --tau 0.1 --decay_w 0.1 --alpha 0.001 --K 25 --n_neg 50 --th 0.95 --ptb_rate 0.4 --p_threshold 0.5
Test acc = 0.682131169893646 , split = 3, seed = 12, --num_warmup 10 --dropout 0.5 --lr 0.001 --weight_decay 0.0005, --tau 0.1 --decay_w 0.1 --alpha 0.001 --K 25 --n_neg 50 --th 0.95 --ptb_rate 0.4 --p_threshold 0.5
Test acc = 0.7432506135805835 , split = 4, seed = 12, --num_warmup 10 --dropout 0.5 --lr 0.001 --weight_decay 0.0005, --tau 0.1 --decay_w 0.1 --alpha 0.001 --K 25 --n_neg 50 --th 0.95 --ptb_rate 0.4 --p_threshold 0.5
mean = 0.7175143168802836, std = 0.021959715507847404 -decay_w 0.1 --alpha 0.001 --K 25 --th 0.95  --p_threshold 0.5  
Test acc = 0.7222184346877556 , split = 0, seed = 12, --num_warmup 10 --dropout 0.5 --lr 0.001 --weight_decay 0.0005, --tau 0.1 --decay_w 0.1 --alpha 0.001 --K 25 --n_neg 50 --th 0.95 --ptb_rate 0.4 --p_threshold 0.6
Test acc = 0.7072879738205617 , split = 1, seed = 12, --num_warmup 10 --dropout 0.5 --lr 0.001 --weight_decay 0.0005, --tau 0.1 --decay_w 0.1 --alpha 0.001 --K 25 --n_neg 50 --th 0.95 --ptb_rate 0.4 --p_threshold 0.6
Test acc = 0.7355808562857922 , split = 2, seed = 12, --num_warmup 10 --dropout 0.5 --lr 0.001 --weight_decay 0.0005, --tau 0.1 --decay_w 0.1 --alpha 0.001 --K 25 --n_neg 50 --th 0.95 --ptb_rate 0.4 --p_threshold 0.6
Test acc = 0.6905167712026179 , split = 3, seed = 12, --num_warmup 10 --dropout 0.5 --lr 0.001 --weight_decay 0.0005, --tau 0.1 --decay_w 0.1 --alpha 0.001 --K 25 --n_neg 50 --th 0.95 --ptb_rate 0.4 --p_threshold 0.6
Test acc = 0.7432506135805835 , split = 4, seed = 12, --num_warmup 10 --dropout 0.5 --lr 0.001 --weight_decay 0.0005, --tau 0.1 --decay_w 0.1 --alpha 0.001 --K 25 --n_neg 50 --th 0.95 --ptb_rate 0.4 --p_threshold 0.6
mean = 0.7197709299154622, std = 0.0190728581566755 -decay_w 0.1 --alpha 0.001 --K 25 --th 0.95  --p_threshold 0.6  
Test acc = 0.7878033815107717 , split = 0, seed = 12, --num_warmup 10 --dropout 0.5 --lr 0.001 --weight_decay 0.0005, --tau 0.1 --decay_w 0.1 --alpha 0.001 --K 25 --n_neg 50 --th 0.95 --ptb_rate 0.4 --p_threshold 0.7
Test acc = 0.7072879738205617 , split = 1, seed = 12, --num_warmup 10 --dropout 0.5 --lr 0.001 --weight_decay 0.0005, --tau 0.1 --decay_w 0.1 --alpha 0.001 --K 25 --n_neg 50 --th 0.95 --ptb_rate 0.4 --p_threshold 0.7
Test acc = 0.7311835287701118 , split = 2, seed = 12, --num_warmup 10 --dropout 0.5 --lr 0.001 --weight_decay 0.0005, --tau 0.1 --decay_w 0.1 --alpha 0.001 --K 25 --n_neg 50 --th 0.95 --ptb_rate 0.4 --p_threshold 0.7
Test acc = 0.7070152713389692 , split = 3, seed = 12, --num_warmup 10 --dropout 0.5 --lr 0.001 --weight_decay 0.0005, --tau 0.1 --decay_w 0.1 --alpha 0.001 --K 25 --n_neg 50 --th 0.95 --ptb_rate 0.4 --p_threshold 0.7
Test acc = 0.7432506135805835 , split = 4, seed = 12, --num_warmup 10 --dropout 0.5 --lr 0.001 --weight_decay 0.0005, --tau 0.1 --decay_w 0.1 --alpha 0.001 --K 25 --n_neg 50 --th 0.95 --ptb_rate 0.4 --p_threshold 0.7
mean = 0.7353081538041997, std = 0.02973705370558069 -decay_w 0.1 --alpha 0.001 --K 25 --th 0.95  --p_threshold 0.7  
Test acc = 0.7839514589582766 , split = 0, seed = 12, --num_warmup 10 --dropout 0.5 --lr 0.001 --weight_decay 0.0005, --tau 0.1 --decay_w 0.1 --alpha 0.001 --K 25 --n_neg 50 --th 0.9 --ptb_rate 0.4 --p_threshold 0.4
Test acc = 0.7072879738205617 , split = 1, seed = 12, --num_warmup 10 --dropout 0.5 --lr 0.001 --weight_decay 0.0005, --tau 0.1 --decay_w 0.1 --alpha 0.001 --K 25 --n_neg 50 --th 0.9 --ptb_rate 0.4 --p_threshold 0.4
Test acc = 0.7175824925006817 , split = 2, seed = 12, --num_warmup 10 --dropout 0.5 --lr 0.001 --weight_decay 0.0005, --tau 0.1 --decay_w 0.1 --alpha 0.001 --K 25 --n_neg 50 --th 0.9 --ptb_rate 0.4 --p_threshold 0.4
Test acc = 0.6778701936187619 , split = 3, seed = 12, --num_warmup 10 --dropout 0.5 --lr 0.001 --weight_decay 0.0005, --tau 0.1 --decay_w 0.1 --alpha 0.001 --K 25 --n_neg 50 --th 0.9 --ptb_rate 0.4 --p_threshold 0.4
Test acc = 0.7432506135805835 , split = 4, seed = 12, --num_warmup 10 --dropout 0.5 --lr 0.001 --weight_decay 0.0005, --tau 0.1 --decay_w 0.1 --alpha 0.001 --K 25 --n_neg 50 --th 0.9 --ptb_rate 0.4 --p_threshold 0.4
mean = 0.725988546495773, std = 0.03575871146146673 -decay_w 0.1 --alpha 0.001 --K 25 --th 0.9  --p_threshold 0.4  
Test acc = 0.7222184346877556 , split = 0, seed = 12, --num_warmup 10 --dropout 0.5 --lr 0.001 --weight_decay 0.0005, --tau 0.1 --decay_w 0.1 --alpha 0.001 --K 25 --n_neg 50 --th 0.9 --ptb_rate 0.4 --p_threshold 0.5
Test acc = 0.7072879738205617 , split = 1, seed = 12, --num_warmup 10 --dropout 0.5 --lr 0.001 --weight_decay 0.0005, --tau 0.1 --decay_w 0.1 --alpha 0.001 --K 25 --n_neg 50 --th 0.9 --ptb_rate 0.4 --p_threshold 0.5
Test acc = 0.7175824925006817 , split = 2, seed = 12, --num_warmup 10 --dropout 0.5 --lr 0.001 --weight_decay 0.0005, --tau 0.1 --decay_w 0.1 --alpha 0.001 --K 25 --n_neg 50 --th 0.9 --ptb_rate 0.4 --p_threshold 0.5
Test acc = 0.682131169893646 , split = 3, seed = 12, --num_warmup 10 --dropout 0.5 --lr 0.001 --weight_decay 0.0005, --tau 0.1 --decay_w 0.1 --alpha 0.001 --K 25 --n_neg 50 --th 0.9 --ptb_rate 0.4 --p_threshold 0.5
Test acc = 0.7432506135805835 , split = 4, seed = 12, --num_warmup 10 --dropout 0.5 --lr 0.001 --weight_decay 0.0005, --tau 0.1 --decay_w 0.1 --alpha 0.001 --K 25 --n_neg 50 --th 0.9 --ptb_rate 0.4 --p_threshold 0.5
mean = 0.7144941368966456, std = 0.01997712735852155 -decay_w 0.1 --alpha 0.001 --K 25 --th 0.9  --p_threshold 0.5  
Test acc = 0.7538519225524952 , split = 0, seed = 12, --num_warmup 10 --dropout 0.5 --lr 0.001 --weight_decay 0.0005, --tau 0.1 --decay_w 0.1 --alpha 0.001 --K 25 --n_neg 50 --th 0.9 --ptb_rate 0.4 --p_threshold 0.6
Test acc = 0.7072879738205617 , split = 1, seed = 12, --num_warmup 10 --dropout 0.5 --lr 0.001 --weight_decay 0.0005, --tau 0.1 --decay_w 0.1 --alpha 0.001 --K 25 --n_neg 50 --th 0.9 --ptb_rate 0.4 --p_threshold 0.6
Test acc = 0.7175824925006817 , split = 2, seed = 12, --num_warmup 10 --dropout 0.5 --lr 0.001 --weight_decay 0.0005, --tau 0.1 --decay_w 0.1 --alpha 0.001 --K 25 --n_neg 50 --th 0.9 --ptb_rate 0.4 --p_threshold 0.6
Test acc = 0.7124693209708208 , split = 3, seed = 12, --num_warmup 10 --dropout 0.5 --lr 0.001 --weight_decay 0.0005, --tau 0.1 --decay_w 0.1 --alpha 0.001 --K 25 --n_neg 50 --th 0.9 --ptb_rate 0.4 --p_threshold 0.6
Test acc = 0.7432506135805835 , split = 4, seed = 12, --num_warmup 10 --dropout 0.5 --lr 0.001 --weight_decay 0.0005, --tau 0.1 --decay_w 0.1 --alpha 0.001 --K 25 --n_neg 50 --th 0.9 --ptb_rate 0.4 --p_threshold 0.6
mean = 0.7268884646850285, std = 0.01829448027425661 -decay_w 0.1 --alpha 0.001 --K 25 --th 0.9  --p_threshold 0.6  
Test acc = 0.7158099263703299 , split = 0, seed = 12, --num_warmup 10 --dropout 0.5 --lr 0.001 --weight_decay 0.0005, --tau 0.1 --decay_w 0.1 --alpha 0.001 --K 25 --n_neg 50 --th 0.9 --ptb_rate 0.4 --p_threshold 0.7
Test acc = 0.7072879738205617 , split = 1, seed = 12, --num_warmup 10 --dropout 0.5 --lr 0.001 --weight_decay 0.0005, --tau 0.1 --decay_w 0.1 --alpha 0.001 --K 25 --n_neg 50 --th 0.9 --ptb_rate 0.4 --p_threshold 0.7
Test acc = 0.7175824925006817 , split = 2, seed = 12, --num_warmup 10 --dropout 0.5 --lr 0.001 --weight_decay 0.0005, --tau 0.1 --decay_w 0.1 --alpha 0.001 --K 25 --n_neg 50 --th 0.9 --ptb_rate 0.4 --p_threshold 0.7
Test acc = 0.7387510226343059 , split = 3, seed = 12, --num_warmup 10 --dropout 0.5 --lr 0.001 --weight_decay 0.0005, --tau 0.1 --decay_w 0.1 --alpha 0.001 --K 25 --n_neg 50 --th 0.9 --ptb_rate 0.4 --p_threshold 0.7
Test acc = 0.7432506135805835 , split = 4, seed = 12, --num_warmup 10 --dropout 0.5 --lr 0.001 --weight_decay 0.0005, --tau 0.1 --decay_w 0.1 --alpha 0.001 --K 25 --n_neg 50 --th 0.9 --ptb_rate 0.4 --p_threshold 0.7
mean = 0.7245364057812924, std = 0.013959180948473912 -decay_w 0.1 --alpha 0.001 --K 25 --th 0.9  --p_threshold 0.7  
Test acc = 0.7063335151349877 , split = 0, seed = 12, --num_warmup 10 --dropout 0.5 --lr 0.001 --weight_decay 0.0005, --tau 0.1 --decay_w 0.1 --alpha 0.001 --K 25 --n_neg 50 --th 0.8 --ptb_rate 0.4 --p_threshold 0.4
Test acc = 0.73786473956913 , split = 1, seed = 12, --num_warmup 10 --dropout 0.5 --lr 0.001 --weight_decay 0.0005, --tau 0.1 --decay_w 0.1 --alpha 0.001 --K 25 --n_neg 50 --th 0.8 --ptb_rate 0.4 --p_threshold 0.4
Test acc = 0.7175824925006817 , split = 2, seed = 12, --num_warmup 10 --dropout 0.5 --lr 0.001 --weight_decay 0.0005, --tau 0.1 --decay_w 0.1 --alpha 0.001 --K 25 --n_neg 50 --th 0.8 --ptb_rate 0.4 --p_threshold 0.4
Test acc = 0.682131169893646 , split = 3, seed = 12, --num_warmup 10 --dropout 0.5 --lr 0.001 --weight_decay 0.0005, --tau 0.1 --decay_w 0.1 --alpha 0.001 --K 25 --n_neg 50 --th 0.8 --ptb_rate 0.4 --p_threshold 0.4
Test acc = 0.7432506135805835 , split = 4, seed = 12, --num_warmup 10 --dropout 0.5 --lr 0.001 --weight_decay 0.0005, --tau 0.1 --decay_w 0.1 --alpha 0.001 --K 25 --n_neg 50 --th 0.8 --ptb_rate 0.4 --p_threshold 0.4
mean = 0.7174325061358058, std = 0.022151502309016684 -decay_w 0.1 --alpha 0.001 --K 25 --th 0.8  --p_threshold 0.4  
Test acc = 0.7063335151349877 , split = 0, seed = 12, --num_warmup 10 --dropout 0.5 --lr 0.001 --weight_decay 0.0005, --tau 0.1 --decay_w 0.1 --alpha 0.001 --K 25 --n_neg 50 --th 0.8 --ptb_rate 0.4 --p_threshold 0.5
Test acc = 0.7259680938096537 , split = 1, seed = 12, --num_warmup 10 --dropout 0.5 --lr 0.001 --weight_decay 0.0005, --tau 0.1 --decay_w 0.1 --alpha 0.001 --K 25 --n_neg 50 --th 0.8 --ptb_rate 0.4 --p_threshold 0.5
Test acc = 0.7175824925006817 , split = 2, seed = 12, --num_warmup 10 --dropout 0.5 --lr 0.001 --weight_decay 0.0005, --tau 0.1 --decay_w 0.1 --alpha 0.001 --K 25 --n_neg 50 --th 0.8 --ptb_rate 0.4 --p_threshold 0.5
Test acc = 0.6909940005454049 , split = 3, seed = 12, --num_warmup 10 --dropout 0.5 --lr 0.001 --weight_decay 0.0005, --tau 0.1 --decay_w 0.1 --alpha 0.001 --K 25 --n_neg 50 --th 0.8 --ptb_rate 0.4 --p_threshold 0.5
Test acc = 0.7432506135805835 , split = 4, seed = 12, --num_warmup 10 --dropout 0.5 --lr 0.001 --weight_decay 0.0005, --tau 0.1 --decay_w 0.1 --alpha 0.001 --K 25 --n_neg 50 --th 0.8 --ptb_rate 0.4 --p_threshold 0.5
mean = 0.7168257431142623, std = 0.017662359962054994 -decay_w 0.1 --alpha 0.001 --K 25 --th 0.8  --p_threshold 0.5  
Test acc = 0.7054472320698117 , split = 0, seed = 12, --num_warmup 10 --dropout 0.5 --lr 0.001 --weight_decay 0.0005, --tau 0.1 --decay_w 0.1 --alpha 0.001 --K 25 --n_neg 50 --th 0.8 --ptb_rate 0.4 --p_threshold 0.6
Test acc = 0.7072879738205617 , split = 1, seed = 12, --num_warmup 10 --dropout 0.5 --lr 0.001 --weight_decay 0.0005, --tau 0.1 --decay_w 0.1 --alpha 0.001 --K 25 --n_neg 50 --th 0.8 --ptb_rate 0.4 --p_threshold 0.6
Test acc = 0.7100149986364876 , split = 2, seed = 12, --num_warmup 10 --dropout 0.5 --lr 0.001 --weight_decay 0.0005, --tau 0.1 --decay_w 0.1 --alpha 0.001 --K 25 --n_neg 50 --th 0.8 --ptb_rate 0.4 --p_threshold 0.6
Test acc = 0.6819948186528497 , split = 3, seed = 12, --num_warmup 10 --dropout 0.5 --lr 0.001 --weight_decay 0.0005, --tau 0.1 --decay_w 0.1 --alpha 0.001 --K 25 --n_neg 50 --th 0.8 --ptb_rate 0.4 --p_threshold 0.6
Test acc = 0.7432506135805835 , split = 4, seed = 12, --num_warmup 10 --dropout 0.5 --lr 0.001 --weight_decay 0.0005, --tau 0.1 --decay_w 0.1 --alpha 0.001 --K 25 --n_neg 50 --th 0.8 --ptb_rate 0.4 --p_threshold 0.6
mean = 0.7095991273520589, std = 0.01958148614460061 -decay_w 0.1 --alpha 0.001 --K 25 --th 0.8  --p_threshold 0.6  
Test acc = 0.7063335151349877 , split = 0, seed = 12, --num_warmup 10 --dropout 0.5 --lr 0.001 --weight_decay 0.0005, --tau 0.1 --decay_w 0.1 --alpha 0.001 --K 25 --n_neg 50 --th 0.8 --ptb_rate 0.4 --p_threshold 0.7
Test acc = 0.7072879738205617 , split = 1, seed = 12, --num_warmup 10 --dropout 0.5 --lr 0.001 --weight_decay 0.0005, --tau 0.1 --decay_w 0.1 --alpha 0.001 --K 25 --n_neg 50 --th 0.8 --ptb_rate 0.4 --p_threshold 0.7
Test acc = 0.7175824925006817 , split = 2, seed = 12, --num_warmup 10 --dropout 0.5 --lr 0.001 --weight_decay 0.0005, --tau 0.1 --decay_w 0.1 --alpha 0.001 --K 25 --n_neg 50 --th 0.8 --ptb_rate 0.4 --p_threshold 0.7
Test acc = 0.682131169893646 , split = 3, seed = 12, --num_warmup 10 --dropout 0.5 --lr 0.001 --weight_decay 0.0005, --tau 0.1 --decay_w 0.1 --alpha 0.001 --K 25 --n_neg 50 --th 0.8 --ptb_rate 0.4 --p_threshold 0.7
Test acc = 0.7432506135805835 , split = 4, seed = 12, --num_warmup 10 --dropout 0.5 --lr 0.001 --weight_decay 0.0005, --tau 0.1 --decay_w 0.1 --alpha 0.001 --K 25 --n_neg 50 --th 0.8 --ptb_rate 0.4 --p_threshold 0.7
mean = 0.7113171529860921, std = 0.019758000530541907 -decay_w 0.1 --alpha 0.001 --K 25 --th 0.8  --p_threshold 0.7  
Test acc = 0.7746454867739296 , split = 0, seed = 12, --num_warmup 10 --dropout 0.5 --lr 0.001 --weight_decay 0.0005, --tau 0.1 --decay_w 0.1 --alpha 0.001 --K 25 --n_neg 50 --th 0.7 --ptb_rate 0.4 --p_threshold 0.4
Test acc = 0.7760430869920916 , split = 1, seed = 12, --num_warmup 10 --dropout 0.5 --lr 0.001 --weight_decay 0.0005, --tau 0.1 --decay_w 0.1 --alpha 0.001 --K 25 --n_neg 50 --th 0.7 --ptb_rate 0.4 --p_threshold 0.4
Test acc = 0.7175824925006817 , split = 2, seed = 12, --num_warmup 10 --dropout 0.5 --lr 0.001 --weight_decay 0.0005, --tau 0.1 --decay_w 0.1 --alpha 0.001 --K 25 --n_neg 50 --th 0.7 --ptb_rate 0.4 --p_threshold 0.4
Test acc = 0.7040837196618489 , split = 3, seed = 12, --num_warmup 10 --dropout 0.5 --lr 0.001 --weight_decay 0.0005, --tau 0.1 --decay_w 0.1 --alpha 0.001 --K 25 --n_neg 50 --th 0.7 --ptb_rate 0.4 --p_threshold 0.4
Test acc = 0.7432506135805835 , split = 4, seed = 12, --num_warmup 10 --dropout 0.5 --lr 0.001 --weight_decay 0.0005, --tau 0.1 --decay_w 0.1 --alpha 0.001 --K 25 --n_neg 50 --th 0.7 --ptb_rate 0.4 --p_threshold 0.4
mean = 0.7431210799018271, std = 0.029167785309875665 -decay_w 0.1 --alpha 0.001 --K 25 --th 0.7  --p_threshold 0.4  
Test acc = 0.7596809380965366 , split = 0, seed = 12, --num_warmup 10 --dropout 0.5 --lr 0.001 --weight_decay 0.0005, --tau 0.1 --decay_w 0.1 --alpha 0.001 --K 25 --n_neg 50 --th 0.7 --ptb_rate 0.4 --p_threshold 0.5
Test acc = 0.7797245704935916 , split = 1, seed = 12, --num_warmup 10 --dropout 0.5 --lr 0.001 --weight_decay 0.0005, --tau 0.1 --decay_w 0.1 --alpha 0.001 --K 25 --n_neg 50 --th 0.7 --ptb_rate 0.4 --p_threshold 0.5
Test acc = 0.7175824925006817 , split = 2, seed = 12, --num_warmup 10 --dropout 0.5 --lr 0.001 --weight_decay 0.0005, --tau 0.1 --decay_w 0.1 --alpha 0.001 --K 25 --n_neg 50 --th 0.7 --ptb_rate 0.4 --p_threshold 0.5
Test acc = 0.7037769293700573 , split = 3, seed = 12, --num_warmup 10 --dropout 0.5 --lr 0.001 --weight_decay 0.0005, --tau 0.1 --decay_w 0.1 --alpha 0.001 --K 25 --n_neg 50 --th 0.7 --ptb_rate 0.4 --p_threshold 0.5
Test acc = 0.7432506135805835 , split = 4, seed = 12, --num_warmup 10 --dropout 0.5 --lr 0.001 --weight_decay 0.0005, --tau 0.1 --decay_w 0.1 --alpha 0.001 --K 25 --n_neg 50 --th 0.7 --ptb_rate 0.4 --p_threshold 0.5
mean = 0.7408031088082901, std = 0.027522274191877187 -decay_w 0.1 --alpha 0.001 --K 25 --th 0.7  --p_threshold 0.5  
Test acc = 0.7568857376602127 , split = 0, seed = 12, --num_warmup 10 --dropout 0.5 --lr 0.001 --weight_decay 0.0005, --tau 0.1 --decay_w 0.1 --alpha 0.001 --K 25 --n_neg 50 --th 0.7 --ptb_rate 0.4 --p_threshold 0.6
Test acc = 0.7651008999181892 , split = 1, seed = 12, --num_warmup 10 --dropout 0.5 --lr 0.001 --weight_decay 0.0005, --tau 0.1 --decay_w 0.1 --alpha 0.001 --K 25 --n_neg 50 --th 0.7 --ptb_rate 0.4 --p_threshold 0.6
Test acc = 0.7175824925006817 , split = 2, seed = 12, --num_warmup 10 --dropout 0.5 --lr 0.001 --weight_decay 0.0005, --tau 0.1 --decay_w 0.1 --alpha 0.001 --K 25 --n_neg 50 --th 0.7 --ptb_rate 0.4 --p_threshold 0.6
Test acc = 0.7083106081265339 , split = 3, seed = 12, --num_warmup 10 --dropout 0.5 --lr 0.001 --weight_decay 0.0005, --tau 0.1 --decay_w 0.1 --alpha 0.001 --K 25 --n_neg 50 --th 0.7 --ptb_rate 0.4 --p_threshold 0.6
Test acc = 0.7432506135805835 , split = 4, seed = 12, --num_warmup 10 --dropout 0.5 --lr 0.001 --weight_decay 0.0005, --tau 0.1 --decay_w 0.1 --alpha 0.001 --K 25 --n_neg 50 --th 0.7 --ptb_rate 0.4 --p_threshold 0.6
mean = 0.7382260703572403, std = 0.021985349074270032 -decay_w 0.1 --alpha 0.001 --K 25 --th 0.7  --p_threshold 0.6  
Test acc = 0.7507499318243795 , split = 0, seed = 12, --num_warmup 10 --dropout 0.5 --lr 0.001 --weight_decay 0.0005, --tau 0.1 --decay_w 0.1 --alpha 0.001 --K 25 --n_neg 50 --th 0.7 --ptb_rate 0.4 --p_threshold 0.7
Test acc = 0.7474434142350695 , split = 1, seed = 12, --num_warmup 10 --dropout 0.5 --lr 0.001 --weight_decay 0.0005, --tau 0.1 --decay_w 0.1 --alpha 0.001 --K 25 --n_neg 50 --th 0.7 --ptb_rate 0.4 --p_threshold 0.7
Test acc = 0.7175824925006817 , split = 2, seed = 12, --num_warmup 10 --dropout 0.5 --lr 0.001 --weight_decay 0.0005, --tau 0.1 --decay_w 0.1 --alpha 0.001 --K 25 --n_neg 50 --th 0.7 --ptb_rate 0.4 --p_threshold 0.7
Test acc = 0.682131169893646 , split = 3, seed = 12, --num_warmup 10 --dropout 0.5 --lr 0.001 --weight_decay 0.0005, --tau 0.1 --decay_w 0.1 --alpha 0.001 --K 25 --n_neg 50 --th 0.7 --ptb_rate 0.4 --p_threshold 0.7
Test acc = 0.7432506135805835 , split = 4, seed = 12, --num_warmup 10 --dropout 0.5 --lr 0.001 --weight_decay 0.0005, --tau 0.1 --decay_w 0.1 --alpha 0.001 --K 25 --n_neg 50 --th 0.7 --ptb_rate 0.4 --p_threshold 0.7
mean = 0.728231524406872, std = 0.025847216445040018 -decay_w 0.1 --alpha 0.001 --K 25 --th 0.7  --p_threshold 0.7  
Test acc = 0.678381510771748 , split = 0, seed = 12, --num_warmup 10 --dropout 0.5 --lr 0.001 --weight_decay 0.0005, --tau 0.1 --decay_w 0.1 --alpha 0.001 --K 50 --n_neg 50 --th 0.95 --ptb_rate 0.4 --p_threshold 0.4
Test acc = 0.7050381783474229 , split = 1, seed = 12, --num_warmup 10 --dropout 0.5 --lr 0.001 --weight_decay 0.0005, --tau 0.1 --decay_w 0.1 --alpha 0.001 --K 50 --n_neg 50 --th 0.95 --ptb_rate 0.4 --p_threshold 0.4
Test acc = 0.6869034633215162 , split = 2, seed = 12, --num_warmup 10 --dropout 0.5 --lr 0.001 --weight_decay 0.0005, --tau 0.1 --decay_w 0.1 --alpha 0.001 --K 50 --n_neg 50 --th 0.95 --ptb_rate 0.4 --p_threshold 0.4
Test acc = 0.6366580310880829 , split = 3, seed = 12, --num_warmup 10 --dropout 0.5 --lr 0.001 --weight_decay 0.0005, --tau 0.1 --decay_w 0.1 --alpha 0.001 --K 50 --n_neg 50 --th 0.95 --ptb_rate 0.4 --p_threshold 0.4
Test acc = 0.7346263976002181 , split = 4, seed = 12, --num_warmup 10 --dropout 0.5 --lr 0.001 --weight_decay 0.0005, --tau 0.1 --decay_w 0.1 --alpha 0.001 --K 50 --n_neg 50 --th 0.95 --ptb_rate 0.4 --p_threshold 0.4
mean = 0.6883215162257976, std = 0.032228928342805545 -decay_w 0.1 --alpha 0.001 --K 50 --th 0.95  --p_threshold 0.4  
Test acc = 0.7217071175347696 , split = 0, seed = 12, --num_warmup 10 --dropout 0.5 --lr 0.001 --weight_decay 0.0005, --tau 0.1 --decay_w 0.1 --alpha 0.001 --K 50 --n_neg 50 --th 0.95 --ptb_rate 0.4 --p_threshold 0.5
Test acc = 0.7050381783474229 , split = 1, seed = 12, --num_warmup 10 --dropout 0.5 --lr 0.001 --weight_decay 0.0005, --tau 0.1 --decay_w 0.1 --alpha 0.001 --K 50 --n_neg 50 --th 0.95 --ptb_rate 0.4 --p_threshold 0.5
Test acc = 0.6925279520043632 , split = 2, seed = 12, --num_warmup 10 --dropout 0.5 --lr 0.001 --weight_decay 0.0005, --tau 0.1 --decay_w 0.1 --alpha 0.001 --K 50 --n_neg 50 --th 0.95 --ptb_rate 0.4 --p_threshold 0.5
Test acc = 0.6662121625306789 , split = 3, seed = 12, --num_warmup 10 --dropout 0.5 --lr 0.001 --weight_decay 0.0005, --tau 0.1 --decay_w 0.1 --alpha 0.001 --K 50 --n_neg 50 --th 0.95 --ptb_rate 0.4 --p_threshold 0.5
Test acc = 0.7346263976002181 , split = 4, seed = 12, --num_warmup 10 --dropout 0.5 --lr 0.001 --weight_decay 0.0005, --tau 0.1 --decay_w 0.1 --alpha 0.001 --K 50 --n_neg 50 --th 0.95 --ptb_rate 0.4 --p_threshold 0.5
mean = 0.7040223616034905, std = 0.02371548903671738 -decay_w 0.1 --alpha 0.001 --K 50 --th 0.95  --p_threshold 0.5  
Test acc = 0.7276383965094082 , split = 0, seed = 12, --num_warmup 10 --dropout 0.5 --lr 0.001 --weight_decay 0.0005, --tau 0.1 --decay_w 0.1 --alpha 0.001 --K 50 --n_neg 50 --th 0.95 --ptb_rate 0.4 --p_threshold 0.6
Test acc = 0.7050381783474229 , split = 1, seed = 12, --num_warmup 10 --dropout 0.5 --lr 0.001 --weight_decay 0.0005, --tau 0.1 --decay_w 0.1 --alpha 0.001 --K 50 --n_neg 50 --th 0.95 --ptb_rate 0.4 --p_threshold 0.6
Test acc = 0.7062994273247887 , split = 2, seed = 12, --num_warmup 10 --dropout 0.5 --lr 0.001 --weight_decay 0.0005, --tau 0.1 --decay_w 0.1 --alpha 0.001 --K 50 --n_neg 50 --th 0.95 --ptb_rate 0.4 --p_threshold 0.6
Test acc = 0.6634851377147531 , split = 3, seed = 12, --num_warmup 10 --dropout 0.5 --lr 0.001 --weight_decay 0.0005, --tau 0.1 --decay_w 0.1 --alpha 0.001 --K 50 --n_neg 50 --th 0.95 --ptb_rate 0.4 --p_threshold 0.6
Test acc = 0.7346263976002181 , split = 4, seed = 12, --num_warmup 10 --dropout 0.5 --lr 0.001 --weight_decay 0.0005, --tau 0.1 --decay_w 0.1 --alpha 0.001 --K 50 --n_neg 50 --th 0.95 --ptb_rate 0.4 --p_threshold 0.6
mean = 0.7074175074993182, std = 0.024844204468079573 -decay_w 0.1 --alpha 0.001 --K 50 --th 0.95  --p_threshold 0.6  
Test acc = 0.7363989637305699 , split = 0, seed = 12, --num_warmup 10 --dropout 0.5 --lr 0.001 --weight_decay 0.0005, --tau 0.1 --decay_w 0.1 --alpha 0.001 --K 50 --n_neg 50 --th 0.95 --ptb_rate 0.4 --p_threshold 0.7
Test acc = 0.7050381783474229 , split = 1, seed = 12, --num_warmup 10 --dropout 0.5 --lr 0.001 --weight_decay 0.0005, --tau 0.1 --decay_w 0.1 --alpha 0.001 --K 50 --n_neg 50 --th 0.95 --ptb_rate 0.4 --p_threshold 0.7
Test acc = 0.6898350149986365 , split = 2, seed = 12, --num_warmup 10 --dropout 0.5 --lr 0.001 --weight_decay 0.0005, --tau 0.1 --decay_w 0.1 --alpha 0.001 --K 50 --n_neg 50 --th 0.95 --ptb_rate 0.4 --p_threshold 0.7
Test acc = 0.693823288791928 , split = 3, seed = 12, --num_warmup 10 --dropout 0.5 --lr 0.001 --weight_decay 0.0005, --tau 0.1 --decay_w 0.1 --alpha 0.001 --K 50 --n_neg 50 --th 0.95 --ptb_rate 0.4 --p_threshold 0.7
Test acc = 0.7346263976002181 , split = 4, seed = 12, --num_warmup 10 --dropout 0.5 --lr 0.001 --weight_decay 0.0005, --tau 0.1 --decay_w 0.1 --alpha 0.001 --K 50 --n_neg 50 --th 0.95 --ptb_rate 0.4 --p_threshold 0.7
mean = 0.7119443686937551, std = 0.019886649674856028 -decay_w 0.1 --alpha 0.001 --K 50 --th 0.95  --p_threshold 0.7  
Test acc = 0.7222866103081538 , split = 0, seed = 12, --num_warmup 10 --dropout 0.5 --lr 0.001 --weight_decay 0.0005, --tau 0.1 --decay_w 0.1 --alpha 0.001 --K 50 --n_neg 50 --th 0.9 --ptb_rate 0.4 --p_threshold 0.4
Test acc = 0.7050381783474229 , split = 1, seed = 12, --num_warmup 10 --dropout 0.5 --lr 0.001 --weight_decay 0.0005, --tau 0.1 --decay_w 0.1 --alpha 0.001 --K 50 --n_neg 50 --th 0.9 --ptb_rate 0.4 --p_threshold 0.4
Test acc = 0.6869034633215162 , split = 2, seed = 12, --num_warmup 10 --dropout 0.5 --lr 0.001 --weight_decay 0.0005, --tau 0.1 --decay_w 0.1 --alpha 0.001 --K 50 --n_neg 50 --th 0.9 --ptb_rate 0.4 --p_threshold 0.4
Test acc = 0.6366580310880829 , split = 3, seed = 12, --num_warmup 10 --dropout 0.5 --lr 0.001 --weight_decay 0.0005, --tau 0.1 --decay_w 0.1 --alpha 0.001 --K 50 --n_neg 50 --th 0.9 --ptb_rate 0.4 --p_threshold 0.4
Test acc = 0.7346263976002181 , split = 4, seed = 12, --num_warmup 10 --dropout 0.5 --lr 0.001 --weight_decay 0.0005, --tau 0.1 --decay_w 0.1 --alpha 0.001 --K 50 --n_neg 50 --th 0.9 --ptb_rate 0.4 --p_threshold 0.4
mean = 0.6971025361330787, std = 0.034242696929899966 -decay_w 0.1 --alpha 0.001 --K 50 --th 0.9  --p_threshold 0.4  
Test acc = 0.7556926643032451 , split = 0, seed = 12, --num_warmup 10 --dropout 0.5 --lr 0.001 --weight_decay 0.0005, --tau 0.1 --decay_w 0.1 --alpha 0.001 --K 50 --n_neg 50 --th 0.9 --ptb_rate 0.4 --p_threshold 0.5
Test acc = 0.7050381783474229 , split = 1, seed = 12, --num_warmup 10 --dropout 0.5 --lr 0.001 --weight_decay 0.0005, --tau 0.1 --decay_w 0.1 --alpha 0.001 --K 50 --n_neg 50 --th 0.9 --ptb_rate 0.4 --p_threshold 0.5
Test acc = 0.6869034633215162 , split = 2, seed = 12, --num_warmup 10 --dropout 0.5 --lr 0.001 --weight_decay 0.0005, --tau 0.1 --decay_w 0.1 --alpha 0.001 --K 50 --n_neg 50 --th 0.9 --ptb_rate 0.4 --p_threshold 0.5
Test acc = 0.6366580310880829 , split = 3, seed = 12, --num_warmup 10 --dropout 0.5 --lr 0.001 --weight_decay 0.0005, --tau 0.1 --decay_w 0.1 --alpha 0.001 --K 50 --n_neg 50 --th 0.9 --ptb_rate 0.4 --p_threshold 0.5
Test acc = 0.7346263976002181 , split = 4, seed = 12, --num_warmup 10 --dropout 0.5 --lr 0.001 --weight_decay 0.0005, --tau 0.1 --decay_w 0.1 --alpha 0.001 --K 50 --n_neg 50 --th 0.9 --ptb_rate 0.4 --p_threshold 0.5
mean = 0.703783746932097, std = 0.041080857107419634 -decay_w 0.1 --alpha 0.001 --K 50 --th 0.9  --p_threshold 0.5  
Test acc = 0.6758249250068176 , split = 0, seed = 12, --num_warmup 10 --dropout 0.5 --lr 0.001 --weight_decay 0.0005, --tau 0.1 --decay_w 0.1 --alpha 0.001 --K 50 --n_neg 50 --th 0.9 --ptb_rate 0.4 --p_threshold 0.6
Test acc = 0.7050381783474229 , split = 1, seed = 12, --num_warmup 10 --dropout 0.5 --lr 0.001 --weight_decay 0.0005, --tau 0.1 --decay_w 0.1 --alpha 0.001 --K 50 --n_neg 50 --th 0.9 --ptb_rate 0.4 --p_threshold 0.6
Test acc = 0.6869034633215162 , split = 2, seed = 12, --num_warmup 10 --dropout 0.5 --lr 0.001 --weight_decay 0.0005, --tau 0.1 --decay_w 0.1 --alpha 0.001 --K 50 --n_neg 50 --th 0.9 --ptb_rate 0.4 --p_threshold 0.6
Test acc = 0.6623943277883828 , split = 3, seed = 12, --num_warmup 10 --dropout 0.5 --lr 0.001 --weight_decay 0.0005, --tau 0.1 --decay_w 0.1 --alpha 0.001 --K 50 --n_neg 50 --th 0.9 --ptb_rate 0.4 --p_threshold 0.6
Test acc = 0.7346263976002181 , split = 4, seed = 12, --num_warmup 10 --dropout 0.5 --lr 0.001 --weight_decay 0.0005, --tau 0.1 --decay_w 0.1 --alpha 0.001 --K 50 --n_neg 50 --th 0.9 --ptb_rate 0.4 --p_threshold 0.6
mean = 0.6929574584128716, std = 0.025085947453429465 -decay_w 0.1 --alpha 0.001 --K 50 --th 0.9  --p_threshold 0.6  
Test acc = 0.7115148622852467 , split = 0, seed = 12, --num_warmup 10 --dropout 0.5 --lr 0.001 --weight_decay 0.0005, --tau 0.1 --decay_w 0.1 --alpha 0.001 --K 50 --n_neg 50 --th 0.9 --ptb_rate 0.4 --p_threshold 0.7
Test acc = 0.7050381783474229 , split = 1, seed = 12, --num_warmup 10 --dropout 0.5 --lr 0.001 --weight_decay 0.0005, --tau 0.1 --decay_w 0.1 --alpha 0.001 --K 50 --n_neg 50 --th 0.9 --ptb_rate 0.4 --p_threshold 0.7
Test acc = 0.6869034633215162 , split = 2, seed = 12, --num_warmup 10 --dropout 0.5 --lr 0.001 --weight_decay 0.0005, --tau 0.1 --decay_w 0.1 --alpha 0.001 --K 50 --n_neg 50 --th 0.9 --ptb_rate 0.4 --p_threshold 0.7
Test acc = 0.6550313607853832 , split = 3, seed = 12, --num_warmup 10 --dropout 0.5 --lr 0.001 --weight_decay 0.0005, --tau 0.1 --decay_w 0.1 --alpha 0.001 --K 50 --n_neg 50 --th 0.9 --ptb_rate 0.4 --p_threshold 0.7
Test acc = 0.7346263976002181 , split = 4, seed = 12, --num_warmup 10 --dropout 0.5 --lr 0.001 --weight_decay 0.0005, --tau 0.1 --decay_w 0.1 --alpha 0.001 --K 50 --n_neg 50 --th 0.9 --ptb_rate 0.4 --p_threshold 0.7
mean = 0.6986228524679574, std = 0.026612695520887093 -decay_w 0.1 --alpha 0.001 --K 50 --th 0.9  --p_threshold 0.7  
Test acc = 0.678381510771748 , split = 0, seed = 12, --num_warmup 10 --dropout 0.5 --lr 0.001 --weight_decay 0.0005, --tau 0.1 --decay_w 0.1 --alpha 0.001 --K 50 --n_neg 50 --th 0.8 --ptb_rate 0.4 --p_threshold 0.4
Test acc = 0.7050381783474229 , split = 1, seed = 12, --num_warmup 10 --dropout 0.5 --lr 0.001 --weight_decay 0.0005, --tau 0.1 --decay_w 0.1 --alpha 0.001 --K 50 --n_neg 50 --th 0.8 --ptb_rate 0.4 --p_threshold 0.4
Test acc = 0.6869034633215162 , split = 2, seed = 12, --num_warmup 10 --dropout 0.5 --lr 0.001 --weight_decay 0.0005, --tau 0.1 --decay_w 0.1 --alpha 0.001 --K 50 --n_neg 50 --th 0.8 --ptb_rate 0.4 --p_threshold 0.4
Test acc = 0.6508385601308971 , split = 3, seed = 12, --num_warmup 10 --dropout 0.5 --lr 0.001 --weight_decay 0.0005, --tau 0.1 --decay_w 0.1 --alpha 0.001 --K 50 --n_neg 50 --th 0.8 --ptb_rate 0.4 --p_threshold 0.4
Test acc = 0.7346263976002181 , split = 4, seed = 12, --num_warmup 10 --dropout 0.5 --lr 0.001 --weight_decay 0.0005, --tau 0.1 --decay_w 0.1 --alpha 0.001 --K 50 --n_neg 50 --th 0.8 --ptb_rate 0.4 --p_threshold 0.4
mean = 0.6911576220343605, std = 0.027889632234502578 -decay_w 0.1 --alpha 0.001 --K 50 --th 0.8  --p_threshold 0.4  
Test acc = 0.6938914644123262 , split = 0, seed = 12, --num_warmup 10 --dropout 0.5 --lr 0.001 --weight_decay 0.0005, --tau 0.1 --decay_w 0.1 --alpha 0.001 --K 50 --n_neg 50 --th 0.8 --ptb_rate 0.4 --p_threshold 0.5
Test acc = 0.7050381783474229 , split = 1, seed = 12, --num_warmup 10 --dropout 0.5 --lr 0.001 --weight_decay 0.0005, --tau 0.1 --decay_w 0.1 --alpha 0.001 --K 50 --n_neg 50 --th 0.8 --ptb_rate 0.4 --p_threshold 0.5
Test acc = 0.7403872375238614 , split = 2, seed = 12, --num_warmup 10 --dropout 0.5 --lr 0.001 --weight_decay 0.0005, --tau 0.1 --decay_w 0.1 --alpha 0.001 --K 50 --n_neg 50 --th 0.8 --ptb_rate 0.4 --p_threshold 0.5
Test acc = 0.6960389964548677 , split = 3, seed = 12, --num_warmup 10 --dropout 0.5 --lr 0.001 --weight_decay 0.0005, --tau 0.1 --decay_w 0.1 --alpha 0.001 --K 50 --n_neg 50 --th 0.8 --ptb_rate 0.4 --p_threshold 0.5
Test acc = 0.7346263976002181 , split = 4, seed = 12, --num_warmup 10 --dropout 0.5 --lr 0.001 --weight_decay 0.0005, --tau 0.1 --decay_w 0.1 --alpha 0.001 --K 50 --n_neg 50 --th 0.8 --ptb_rate 0.4 --p_threshold 0.5
mean = 0.7139964548677392, std = 0.019641790236252638 -decay_w 0.1 --alpha 0.001 --K 50 --th 0.8  --p_threshold 0.5  
Test acc = 0.6784155985819471 , split = 0, seed = 12, --num_warmup 10 --dropout 0.5 --lr 0.001 --weight_decay 0.0005, --tau 0.1 --decay_w 0.1 --alpha 0.001 --K 50 --n_neg 50 --th 0.8 --ptb_rate 0.4 --p_threshold 0.6
Test acc = 0.7087196618489228 , split = 1, seed = 12, --num_warmup 10 --dropout 0.5 --lr 0.001 --weight_decay 0.0005, --tau 0.1 --decay_w 0.1 --alpha 0.001 --K 50 --n_neg 50 --th 0.8 --ptb_rate 0.4 --p_threshold 0.6
Test acc = 0.6869034633215162 , split = 2, seed = 12, --num_warmup 10 --dropout 0.5 --lr 0.001 --weight_decay 0.0005, --tau 0.1 --decay_w 0.1 --alpha 0.001 --K 50 --n_neg 50 --th 0.8 --ptb_rate 0.4 --p_threshold 0.6
Test acc = 0.6585424052358877 , split = 3, seed = 12, --num_warmup 10 --dropout 0.5 --lr 0.001 --weight_decay 0.0005, --tau 0.1 --decay_w 0.1 --alpha 0.001 --K 50 --n_neg 50 --th 0.8 --ptb_rate 0.4 --p_threshold 0.6
Test acc = 0.7346263976002181 , split = 4, seed = 12, --num_warmup 10 --dropout 0.5 --lr 0.001 --weight_decay 0.0005, --tau 0.1 --decay_w 0.1 --alpha 0.001 --K 50 --n_neg 50 --th 0.8 --ptb_rate 0.4 --p_threshold 0.6
mean = 0.6934415053176984, std = 0.026138433282088355 -decay_w 0.1 --alpha 0.001 --K 50 --th 0.8  --p_threshold 0.6  
Test acc = 0.7137305699481865 , split = 0, seed = 12, --num_warmup 10 --dropout 0.5 --lr 0.001 --weight_decay 0.0005, --tau 0.1 --decay_w 0.1 --alpha 0.001 --K 50 --n_neg 50 --th 0.8 --ptb_rate 0.4 --p_threshold 0.7
Test acc = 0.774304608671939 , split = 1, seed = 12, --num_warmup 10 --dropout 0.5 --lr 0.001 --weight_decay 0.0005, --tau 0.1 --decay_w 0.1 --alpha 0.001 --K 50 --n_neg 50 --th 0.8 --ptb_rate 0.4 --p_threshold 0.7
Test acc = 0.6869034633215162 , split = 2, seed = 12, --num_warmup 10 --dropout 0.5 --lr 0.001 --weight_decay 0.0005, --tau 0.1 --decay_w 0.1 --alpha 0.001 --K 50 --n_neg 50 --th 0.8 --ptb_rate 0.4 --p_threshold 0.7
Test acc = 0.669961821652577 , split = 3, seed = 12, --num_warmup 10 --dropout 0.5 --lr 0.001 --weight_decay 0.0005, --tau 0.1 --decay_w 0.1 --alpha 0.001 --K 50 --n_neg 50 --th 0.8 --ptb_rate 0.4 --p_threshold 0.7
Test acc = 0.7346263976002181 , split = 4, seed = 12, --num_warmup 10 --dropout 0.5 --lr 0.001 --weight_decay 0.0005, --tau 0.1 --decay_w 0.1 --alpha 0.001 --K 50 --n_neg 50 --th 0.8 --ptb_rate 0.4 --p_threshold 0.7
mean = 0.7159053722388873, std = 0.03665405279876985 -decay_w 0.1 --alpha 0.001 --K 50 --th 0.8  --p_threshold 0.7  
Test acc = 0.6757226615762203 , split = 0, seed = 12, --num_warmup 10 --dropout 0.5 --lr 0.001 --weight_decay 0.0005, --tau 0.1 --decay_w 0.1 --alpha 0.001 --K 50 --n_neg 50 --th 0.7 --ptb_rate 0.4 --p_threshold 0.4
Test acc = 0.73786473956913 , split = 1, seed = 12, --num_warmup 10 --dropout 0.5 --lr 0.001 --weight_decay 0.0005, --tau 0.1 --decay_w 0.1 --alpha 0.001 --K 50 --n_neg 50 --th 0.7 --ptb_rate 0.4 --p_threshold 0.4
Test acc = 0.6934142350695391 , split = 2, seed = 12, --num_warmup 10 --dropout 0.5 --lr 0.001 --weight_decay 0.0005, --tau 0.1 --decay_w 0.1 --alpha 0.001 --K 50 --n_neg 50 --th 0.7 --ptb_rate 0.4 --p_threshold 0.4
Test acc = 0.7099468230160895 , split = 3, seed = 12, --num_warmup 10 --dropout 0.5 --lr 0.001 --weight_decay 0.0005, --tau 0.1 --decay_w 0.1 --alpha 0.001 --K 50 --n_neg 50 --th 0.7 --ptb_rate 0.4 --p_threshold 0.4
Test acc = 0.76029451868012 , split = 4, seed = 12, --num_warmup 10 --dropout 0.5 --lr 0.001 --weight_decay 0.0005, --tau 0.1 --decay_w 0.1 --alpha 0.001 --K 50 --n_neg 50 --th 0.7 --ptb_rate 0.4 --p_threshold 0.4
mean = 0.7154485955822197, std = 0.03035645798496887 -decay_w 0.1 --alpha 0.001 --K 50 --th 0.7  --p_threshold 0.4  
Test acc = 0.678381510771748 , split = 0, seed = 12, --num_warmup 10 --dropout 0.5 --lr 0.001 --weight_decay 0.0005, --tau 0.1 --decay_w 0.1 --alpha 0.001 --K 50 --n_neg 50 --th 0.7 --ptb_rate 0.4 --p_threshold 0.5
Test acc = 0.739262339787292 , split = 1, seed = 12, --num_warmup 10 --dropout 0.5 --lr 0.001 --weight_decay 0.0005, --tau 0.1 --decay_w 0.1 --alpha 0.001 --K 50 --n_neg 50 --th 0.7 --ptb_rate 0.4 --p_threshold 0.5
Test acc = 0.6869034633215162 , split = 2, seed = 12, --num_warmup 10 --dropout 0.5 --lr 0.001 --weight_decay 0.0005, --tau 0.1 --decay_w 0.1 --alpha 0.001 --K 50 --n_neg 50 --th 0.7 --ptb_rate 0.4 --p_threshold 0.5
Test acc = 0.713014725934006 , split = 3, seed = 12, --num_warmup 10 --dropout 0.5 --lr 0.001 --weight_decay 0.0005, --tau 0.1 --decay_w 0.1 --alpha 0.001 --K 50 --n_neg 50 --th 0.7 --ptb_rate 0.4 --p_threshold 0.5
Test acc = 0.7346263976002181 , split = 4, seed = 12, --num_warmup 10 --dropout 0.5 --lr 0.001 --weight_decay 0.0005, --tau 0.1 --decay_w 0.1 --alpha 0.001 --K 50 --n_neg 50 --th 0.7 --ptb_rate 0.4 --p_threshold 0.5
mean = 0.7104376874829561, std = 0.024511440500313657 -decay_w 0.1 --alpha 0.001 --K 50 --th 0.7  --p_threshold 0.5  
Test acc = 0.7480229070084538 , split = 0, seed = 12, --num_warmup 10 --dropout 0.5 --lr 0.001 --weight_decay 0.0005, --tau 0.1 --decay_w 0.1 --alpha 0.001 --K 50 --n_neg 50 --th 0.7 --ptb_rate 0.4 --p_threshold 0.6
Test acc = 0.7169007362967003 , split = 1, seed = 12, --num_warmup 10 --dropout 0.5 --lr 0.001 --weight_decay 0.0005, --tau 0.1 --decay_w 0.1 --alpha 0.001 --K 50 --n_neg 50 --th 0.7 --ptb_rate 0.4 --p_threshold 0.6
Test acc = 0.6869034633215162 , split = 2, seed = 12, --num_warmup 10 --dropout 0.5 --lr 0.001 --weight_decay 0.0005, --tau 0.1 --decay_w 0.1 --alpha 0.001 --K 50 --n_neg 50 --th 0.7 --ptb_rate 0.4 --p_threshold 0.6
Test acc = 0.7539882737932915 , split = 3, seed = 12, --num_warmup 10 --dropout 0.5 --lr 0.001 --weight_decay 0.0005, --tau 0.1 --decay_w 0.1 --alpha 0.001 --K 50 --n_neg 50 --th 0.7 --ptb_rate 0.4 --p_threshold 0.6
Test acc = 0.7417166621216253 , split = 4, seed = 12, --num_warmup 10 --dropout 0.5 --lr 0.001 --weight_decay 0.0005, --tau 0.1 --decay_w 0.1 --alpha 0.001 --K 50 --n_neg 50 --th 0.7 --ptb_rate 0.4 --p_threshold 0.6
mean = 0.7295064085083174, std = 0.024759752213359465 -decay_w 0.1 --alpha 0.001 --K 50 --th 0.7  --p_threshold 0.6  
Test acc = 0.678381510771748 , split = 0, seed = 12, --num_warmup 10 --dropout 0.5 --lr 0.001 --weight_decay 0.0005, --tau 0.1 --decay_w 0.1 --alpha 0.001 --K 50 --n_neg 50 --th 0.7 --ptb_rate 0.4 --p_threshold 0.7
Test acc = 0.7579083719661849 , split = 1, seed = 12, --num_warmup 10 --dropout 0.5 --lr 0.001 --weight_decay 0.0005, --tau 0.1 --decay_w 0.1 --alpha 0.001 --K 50 --n_neg 50 --th 0.7 --ptb_rate 0.4 --p_threshold 0.7
Test acc = 0.6869034633215162 , split = 2, seed = 12, --num_warmup 10 --dropout 0.5 --lr 0.001 --weight_decay 0.0005, --tau 0.1 --decay_w 0.1 --alpha 0.001 --K 50 --n_neg 50 --th 0.7 --ptb_rate 0.4 --p_threshold 0.7
Test acc = 0.6850968093809653 , split = 3, seed = 12, --num_warmup 10 --dropout 0.5 --lr 0.001 --weight_decay 0.0005, --tau 0.1 --decay_w 0.1 --alpha 0.001 --K 50 --n_neg 50 --th 0.7 --ptb_rate 0.4 --p_threshold 0.7
Test acc = 0.7346263976002181 , split = 4, seed = 12, --num_warmup 10 --dropout 0.5 --lr 0.001 --weight_decay 0.0005, --tau 0.1 --decay_w 0.1 --alpha 0.001 --K 50 --n_neg 50 --th 0.7 --ptb_rate 0.4 --p_threshold 0.7
mean = 0.7085833106081265, std = 0.03176471089015209 -decay_w 0.1 --alpha 0.001 --K 50 --th 0.7  --p_threshold 0.7  
Test acc = 0.7383760567221161 , split = 0, seed = 12, --num_warmup 10 --dropout 0.5 --lr 0.001 --weight_decay 0.0005, --tau 0.1 --decay_w 0.1 --alpha 0.001 --K 5 --n_neg 50 --th 0.95 --ptb_rate 0.4 --p_threshold 0.4
Test acc = 0.7194914098718298 , split = 1, seed = 12, --num_warmup 10 --dropout 0.5 --lr 0.001 --weight_decay 0.0005, --tau 0.1 --decay_w 0.1 --alpha 0.001 --K 5 --n_neg 50 --th 0.95 --ptb_rate 0.4 --p_threshold 0.4
Test acc = 0.7165257703845105 , split = 2, seed = 12, --num_warmup 10 --dropout 0.5 --lr 0.001 --weight_decay 0.0005, --tau 0.1 --decay_w 0.1 --alpha 0.001 --K 5 --n_neg 50 --th 0.95 --ptb_rate 0.4 --p_threshold 0.4
Test acc = 0.6696891191709844 , split = 3, seed = 12, --num_warmup 10 --dropout 0.5 --lr 0.001 --weight_decay 0.0005, --tau 0.1 --decay_w 0.1 --alpha 0.001 --K 5 --n_neg 50 --th 0.95 --ptb_rate 0.4 --p_threshold 0.4
Test acc = 0.7254226888464685 , split = 4, seed = 12, --num_warmup 10 --dropout 0.5 --lr 0.001 --weight_decay 0.0005, --tau 0.1 --decay_w 0.1 --alpha 0.001 --K 5 --n_neg 50 --th 0.95 --ptb_rate 0.4 --p_threshold 0.4
mean = 0.713901008999182, std = 0.023343565383080488 -decay_w 0.1 --alpha 0.001 --K 5 --th 0.95  --p_threshold 0.4  
Test acc = 0.7383760567221161 , split = 0, seed = 12, --num_warmup 10 --dropout 0.5 --lr 0.001 --weight_decay 0.0005, --tau 0.1 --decay_w 0.1 --alpha 0.001 --K 5 --n_neg 50 --th 0.95 --ptb_rate 0.4 --p_threshold 0.5
Test acc = 0.7194914098718298 , split = 1, seed = 12, --num_warmup 10 --dropout 0.5 --lr 0.001 --weight_decay 0.0005, --tau 0.1 --decay_w 0.1 --alpha 0.001 --K 5 --n_neg 50 --th 0.95 --ptb_rate 0.4 --p_threshold 0.5
Test acc = 0.7165257703845105 , split = 2, seed = 12, --num_warmup 10 --dropout 0.5 --lr 0.001 --weight_decay 0.0005, --tau 0.1 --decay_w 0.1 --alpha 0.001 --K 5 --n_neg 50 --th 0.95 --ptb_rate 0.4 --p_threshold 0.5
Test acc = 0.6696891191709844 , split = 3, seed = 12, --num_warmup 10 --dropout 0.5 --lr 0.001 --weight_decay 0.0005, --tau 0.1 --decay_w 0.1 --alpha 0.001 --K 5 --n_neg 50 --th 0.95 --ptb_rate 0.4 --p_threshold 0.5
Test acc = 0.7254226888464685 , split = 4, seed = 12, --num_warmup 10 --dropout 0.5 --lr 0.001 --weight_decay 0.0005, --tau 0.1 --decay_w 0.1 --alpha 0.001 --K 5 --n_neg 50 --th 0.95 --ptb_rate 0.4 --p_threshold 0.5
mean = 0.713901008999182, std = 0.023343565383080488 -decay_w 0.1 --alpha 0.001 --K 5 --th 0.95  --p_threshold 0.5  
